This file contains any messages produced by compilers while
running configure, to aid debugging if configure makes a mistake.

It was created by lrcalc configure 1.2, which was
generated by GNU Autoconf 2.68.  Invocation command line was

  $ ./configure 

## --------- ##
## Platform. ##
## --------- ##

hostname = Fordham-David-Swinarski.local
uname -m = x86_64
uname -r = 14.3.0
uname -s = Darwin
uname -v = Darwin Kernel Version 14.3.0: Mon Mar 23 11:59:05 PDT 2015; root:xnu-2782.20.48~5/RELEASE_X86_64

/usr/bin/uname -p = i386
/bin/uname -X     = unknown

/bin/arch              = unknown
/usr/bin/arch -k       = unknown
/usr/convex/getsysinfo = unknown
/usr/bin/hostinfo      = Mach kernel version:
	 Darwin Kernel Version 14.3.0: Mon Mar 23 11:59:05 PDT 2015; root:xnu-2782.20.48~5/RELEASE_X86_64
Kernel configured for up to 4 processors.
2 processors are physically available.
4 processors are logically available.
Processor type: i486 (Intel 80486)
Processors active: 0 1 2 3
Primary memory available: 8.00 gigabytes
Default processor set: 244 tasks, 1161 threads, 4 processors
Load average: 4.36, Mach factor: 0.97
/bin/machine           = unknown
/usr/bin/oslevel       = unknown
/bin/universe          = unknown

PATH: /sw/lib/perl5/ExtUtils
PATH: /sw/bin
PATH: /sw/sbin
PATH: /Users/davids/qepcad-B.1.65.MacOSX/qesource/bin
PATH: /Applications/Macaulay2-1.7/bin
PATH: /usr/local/bin
PATH: /usr/bin
PATH: /bin
PATH: /usr/sbin
PATH: /sbin
PATH: /opt/X11/bin
PATH: /usr/local/git/bin
PATH: /Applications/
PATH: /usr/texbin/
PATH: /Applications/sage/
PATH: /Applications/gfan/
PATH: /Applications/gfan/
PATH: /Applications/4ti2/
PATH: /Applications/Normaliz2.8/


## ----------- ##
## Core tests. ##
## ----------- ##

configure:2423: checking for a BSD-compatible install
configure:2491: result: /sw/bin/ginstall -c
configure:2502: checking whether build environment is sane
configure:2552: result: yes
configure:2693: checking for a thread-safe mkdir -p
configure:2732: result: /sw/bin/gmkdir -p
configure:2745: checking for gawk
configure:2775: result: no
configure:2745: checking for mawk
configure:2775: result: no
configure:2745: checking for nawk
configure:2775: result: no
configure:2745: checking for awk
configure:2761: found /usr/bin/awk
configure:2772: result: awk
configure:2783: checking whether make sets $(MAKE)
configure:2805: result: yes
configure:2886: checking whether to enable maintainer-specific portions of Makefiles
configure:2895: result: no
configure:2968: checking for g++
configure:2984: found /usr/local/bin/g++
configure:2995: result: g++
configure:3022: checking for C++ compiler version
configure:3031: g++ --version >&5
./configure: line 3033:  5069 Segmentation fault: 11  $CXX --version 1>&5
configure:3042: $? = 139
configure:3031: g++ -v >&5
./configure: line 3033:  5075 Segmentation fault: 11  $CXX -v 1>&5
configure:3042: $? = 139
configure:3031: g++ -V >&5
./configure: line 3033:  5080 Segmentation fault: 11  $CXX -V 1>&5
configure:3042: $? = 139
configure:3031: g++ -qversion >&5
./configure: line 3033:  5085 Segmentation fault: 11  $CXX -qversion 1>&5
configure:3042: $? = 139
configure:3062: checking whether the C++ compiler works
configure:3084: g++    conftest.cpp  >&5
./configure: line 3086:  5095 Segmentation fault: 11  $CXX $CXXFLAGS $CPPFLAGS $LDFLAGS conftest.$ac_ext $LIBS 1>&5
configure:3088: $? = 139
configure:3126: result: no
configure: failed program was:
| /* confdefs.h */
| #define PACKAGE_NAME "lrcalc"
| #define PACKAGE_TARNAME "lrcalc"
| #define PACKAGE_VERSION "1.2"
| #define PACKAGE_STRING "lrcalc 1.2"
| #define PACKAGE_BUGREPORT "asbuch at math rutgers edu"
| #define PACKAGE_URL ""
| #define PACKAGE "lrcalc"
| #define VERSION "1.2"
| /* end confdefs.h.  */
| 
| int
| main ()
| {
| 
|   ;
|   return 0;
| }
configure:3131: error: in `/Users/davids/Desktop/Dropbox/Boise/Workshop-2015-Boise/QuantumCohomology/lrcalc-1.2':
configure:3133: error: C++ compiler cannot create executables
See `config.log' for more details

## ---------------- ##
## Cache variables. ##
## ---------------- ##

ac_cv_env_CCC_set=
ac_cv_env_CCC_value=
ac_cv_env_CC_set=
ac_cv_env_CC_value=
ac_cv_env_CFLAGS_set=
ac_cv_env_CFLAGS_value=
ac_cv_env_CPPFLAGS_set=
ac_cv_env_CPPFLAGS_value=
ac_cv_env_CPP_set=
ac_cv_env_CPP_value=
ac_cv_env_CXXCPP_set=
ac_cv_env_CXXCPP_value=
ac_cv_env_CXXFLAGS_set=
ac_cv_env_CXXFLAGS_value=
ac_cv_env_CXX_set=
ac_cv_env_CXX_value=
ac_cv_env_LDFLAGS_set=
ac_cv_env_LDFLAGS_value=
ac_cv_env_LIBS_set=
ac_cv_env_LIBS_value=
ac_cv_env_build_alias_set=
ac_cv_env_build_alias_value=
ac_cv_env_host_alias_set=
ac_cv_env_host_alias_value=
ac_cv_env_target_alias_set=
ac_cv_env_target_alias_value=
ac_cv_path_INTLTOOL_PERL=/usr/bin/perl
ac_cv_path_install='/sw/bin/ginstall -c'
ac_cv_path_mkdir=/sw/bin/gmkdir
ac_cv_prog_AWK=awk
ac_cv_prog_ac_ct_CXX=g++
ac_cv_prog_make_make_set=yes

## ----------------- ##
## Output variables. ##
## ----------------- ##

ACLOCAL='${SHELL} /Users/davids/Desktop/Dropbox/Boise/Workshop-2015-Boise/QuantumCohomology/lrcalc-1.2/missing --run aclocal-1.11'
AMDEPBACKSLASH=''
AMDEP_FALSE=''
AMDEP_TRUE=''
AMTAR='$${TAR-tar}'
AR=''
AS=''
AUTOCONF='${SHELL} /Users/davids/Desktop/Dropbox/Boise/Workshop-2015-Boise/QuantumCohomology/lrcalc-1.2/missing --run autoconf'
AUTOHEADER='${SHELL} /Users/davids/Desktop/Dropbox/Boise/Workshop-2015-Boise/QuantumCohomology/lrcalc-1.2/missing --run autoheader'
AUTOMAKE='${SHELL} /Users/davids/Desktop/Dropbox/Boise/Workshop-2015-Boise/QuantumCohomology/lrcalc-1.2/missing --run automake-1.11'
AWK='awk'
CC=''
CCDEPMODE=''
CFLAGS=''
CPP=''
CPPFLAGS=''
CXX='g++'
CXXCPP=''
CXXDEPMODE=''
CXXFLAGS=''
CYGPATH_W='echo'
DEFS=''
DEPDIR=''
DLLTOOL=''
DSYMUTIL=''
DUMPBIN=''
ECHO_C='\c'
ECHO_N=''
ECHO_T=''
EGREP=''
EXEEXT=''
FGREP=''
GREP=''
INSTALL_DATA='${INSTALL} -m 644'
INSTALL_PROGRAM='${INSTALL}'
INSTALL_SCRIPT='${INSTALL}'
INSTALL_STRIP_PROGRAM='$(install_sh) -c -s'
LD=''
LDFLAGS=''
LIBLRCALC_LDFLAGS=''
LIBOBJS=''
LIBS=''
LIBTOOL=''
LIPO=''
LN_S=''
LTLIBOBJS=''
MAINT='#'
MAINTAINER_MODE_FALSE=''
MAINTAINER_MODE_TRUE='#'
MAKEINFO='${SHELL} /Users/davids/Desktop/Dropbox/Boise/Workshop-2015-Boise/QuantumCohomology/lrcalc-1.2/missing --run makeinfo'
MANIFEST_TOOL=''
MKDIR_P='/sw/bin/gmkdir -p'
NM=''
NMEDIT=''
OBJDUMP=''
OBJEXT=''
OTOOL64=''
OTOOL=''
PACKAGE='lrcalc'
PACKAGE_BUGREPORT='asbuch at math rutgers edu'
PACKAGE_NAME='lrcalc'
PACKAGE_STRING='lrcalc 1.2'
PACKAGE_TARNAME='lrcalc'
PACKAGE_URL=''
PACKAGE_VERSION='1.2'
PATH_SEPARATOR=':'
RANLIB=''
SED=''
SET_MAKE=''
SHELL='/bin/sh'
STRIP=''
VERSION='1.2'
ac_ct_AR=''
ac_ct_CC=''
ac_ct_CXX='g++'
ac_ct_DUMPBIN=''
am__EXEEXT_FALSE=''
am__EXEEXT_TRUE=''
am__fastdepCC_FALSE=''
am__fastdepCC_TRUE=''
am__fastdepCXX_FALSE=''
am__fastdepCXX_TRUE=''
am__include=''
am__isrc=''
am__leading_dot='.'
am__nodep=''
am__quote=''
am__tar='$${TAR-tar} chof - "$$tardir"'
am__untar='$${TAR-tar} xf -'
bindir='${exec_prefix}/bin'
build=''
build_alias=''
build_cpu=''
build_os=''
build_vendor=''
datadir='${datarootdir}'
datarootdir='${prefix}/share'
docdir='${datarootdir}/doc/${PACKAGE_TARNAME}'
dvidir='${docdir}'
exec_prefix='NONE'
host=''
host_alias=''
host_cpu=''
host_os=''
host_vendor=''
htmldir='${docdir}'
includedir='${prefix}/include'
infodir='${datarootdir}/info'
install_sh='${SHELL} /Users/davids/Desktop/Dropbox/Boise/Workshop-2015-Boise/QuantumCohomology/lrcalc-1.2/install-sh'
libdir='${exec_prefix}/lib'
libexecdir='${exec_prefix}/libexec'
localedir='${datarootdir}/locale'
localstatedir='${prefix}/var'
mandir='${datarootdir}/man'
mkdir_p='/sw/bin/gmkdir -p'
oldincludedir='/usr/include'
pdfdir='${docdir}'
prefix='NONE'
program_transform_name='s,x,x,'
psdir='${docdir}'
sbindir='${exec_prefix}/sbin'
sharedstatedir='${prefix}/com'
sysconfdir='${prefix}/etc'
target_alias=''

## ----------- ##
## confdefs.h. ##
## ----------- ##

/* confdefs.h */
#define PACKAGE_NAME "lrcalc"
#define PACKAGE_TARNAME "lrcalc"
#define PACKAGE_VERSION "1.2"
#define PACKAGE_STRING "lrcalc 1.2"
#define PACKAGE_BUGREPORT "asbuch at math rutgers edu"
#define PACKAGE_URL ""
#define PACKAGE "lrcalc"
#define VERSION "1.2"

configure: exit 77
